<?xml version="1.0" encoding="UTF-8"?>
<testsuites>
  <testsuite name="fastlane.lanes">
    
    
    
      
      <testcase classname="fastlane.lanes" name="0: Verifying required fastlane version" time="0.00469">
        
      </testcase>
    
      
      <testcase classname="fastlane.lanes" name="1: default_platform" time="0.002518">
        
      </testcase>
    
      
      <testcase classname="fastlane.lanes" name="2: gradle" time="104.120504">
        
          <failure message="/Users/santhoshadigau/.fastlane/bin/bundle/lib/ruby/gems/2.2.0/gems/fastlane-2.35.1/fastlane/lib/fastlane/actions/actions_helper.rb:48:in `execute_action'&#10;/Users/santhoshadigau/.fastlane/bin/bundle/lib/ruby/gems/2.2.0/gems/fastlane-2.35.1/fastlane/lib/fastlane/runner.rb:230:in `block in execute_action'&#10;/Users/santhoshadigau/.fastlane/bin/bundle/lib/ruby/gems/2.2.0/gems/fastlane-2.35.1/fastlane/lib/fastlane/runner.rb:226:in `chdir'&#10;/Users/santhoshadigau/.fastlane/bin/bundle/lib/ruby/gems/2.2.0/gems/fastlane-2.35.1/fastlane/lib/fastlane/runner.rb:226:in `execute_action'&#10;/Users/santhoshadigau/.fastlane/bin/bundle/lib/ruby/gems/2.2.0/gems/fastlane-2.35.1/fastlane/lib/fastlane/runner.rb:148:in `trigger_action_by_name'&#10;/Users/santhoshadigau/.fastlane/bin/bundle/lib/ruby/gems/2.2.0/gems/fastlane-2.35.1/fastlane/lib/fastlane/fast_file.rb:146:in `method_missing'&#10;Fastfile:29:in `block (2 levels) in parsing_binding'&#10;/Users/santhoshadigau/.fastlane/bin/bundle/lib/ruby/gems/2.2.0/gems/fastlane-2.35.1/fastlane/lib/fastlane/lane.rb:33:in `call'&#10;/Users/santhoshadigau/.fastlane/bin/bundle/lib/ruby/gems/2.2.0/gems/fastlane-2.35.1/fastlane/lib/fastlane/lane.rb:33:in `call'&#10;/Users/santhoshadigau/.fastlane/bin/bundle/lib/ruby/gems/2.2.0/gems/fastlane-2.35.1/fastlane/lib/fastlane/runner.rb:49:in `block in execute'&#10;/Users/santhoshadigau/.fastlane/bin/bundle/lib/ruby/gems/2.2.0/gems/fastlane-2.35.1/fastlane/lib/fastlane/runner.rb:45:in `chdir'&#10;/Users/santhoshadigau/.fastlane/bin/bundle/lib/ruby/gems/2.2.0/gems/fastlane-2.35.1/fastlane/lib/fastlane/runner.rb:45:in `execute'&#10;/Users/santhoshadigau/.fastlane/bin/bundle/lib/ruby/gems/2.2.0/gems/fastlane-2.35.1/fastlane/lib/fastlane/lane_manager.rb:52:in `cruise_lane'&#10;/Users/santhoshadigau/.fastlane/bin/bundle/lib/ruby/gems/2.2.0/gems/fastlane-2.35.1/fastlane/lib/fastlane/command_line_handler.rb:30:in `handle'&#10;/Users/santhoshadigau/.fastlane/bin/bundle/lib/ruby/gems/2.2.0/gems/fastlane-2.35.1/fastlane/lib/fastlane/commands_generator.rb:104:in `block (2 levels) in run'&#10;/Users/santhoshadigau/.fastlane/bin/bundle/lib/ruby/gems/2.2.0/gems/commander-fastlane-4.4.4/lib/commander/command.rb:178:in `call'&#10;/Users/santhoshadigau/.fastlane/bin/bundle/lib/ruby/gems/2.2.0/gems/commander-fastlane-4.4.4/lib/commander/command.rb:178:in `call'&#10;/Users/santhoshadigau/.fastlane/bin/bundle/lib/ruby/gems/2.2.0/gems/commander-fastlane-4.4.4/lib/commander/command.rb:153:in `run'&#10;/Users/santhoshadigau/.fastlane/bin/bundle/lib/ruby/gems/2.2.0/gems/commander-fastlane-4.4.4/lib/commander/runner.rb:476:in `run_active_command'&#10;/Users/santhoshadigau/.fastlane/bin/bundle/lib/ruby/gems/2.2.0/gems/fastlane-2.35.1/fastlane_core/lib/fastlane_core/ui/fastlane_runner.rb:38:in `run!'&#10;/Users/santhoshadigau/.fastlane/bin/bundle/lib/ruby/gems/2.2.0/gems/commander-fastlane-4.4.4/lib/commander/delegates.rb:15:in `run!'&#10;/Users/santhoshadigau/.fastlane/bin/bundle/lib/ruby/gems/2.2.0/gems/fastlane-2.35.1/fastlane/lib/fastlane/commands_generator.rb:303:in `run'&#10;/Users/santhoshadigau/.fastlane/bin/bundle/lib/ruby/gems/2.2.0/gems/fastlane-2.35.1/fastlane/lib/fastlane/commands_generator.rb:42:in `start'&#10;/Users/santhoshadigau/.fastlane/bin/bundle/lib/ruby/gems/2.2.0/gems/fastlane-2.35.1/fastlane/lib/fastlane/cli_tools_distributor.rb:66:in `take_off'&#10;/Users/santhoshadigau/.fastlane/bin/bundle/lib/ruby/gems/2.2.0/gems/fastlane-2.35.1/bin/fastlane:20:in `&lt;top (required)&gt;'&#10;/Users/santhoshadigau/.fastlane/bin/bundle/bin/fastlane:22:in `load'&#10;/Users/santhoshadigau/.fastlane/bin/bundle/bin/fastlane:22:in `&lt;main&gt;'&#10;&#10;Exit status of command '/Users/santhoshadigau/Documents/Vodafone_Demo/VodafoneApp/gradlew assembleRelease -p .' was 1 instead of 0.&#10;Downloading https://services.gradle.org/distributions/gradle-2.14.1-all.zip&#10;...........................................................................................................................................................................................................................................................................................................................................................................................................................................................................................................................................................................................................................................................................................................................................................................................................................................................................................................................................................................................................................................................................................................................................................................................................................................................................................................................................................................................................................................................................................................................................................................................................................................................................................................................................................................................................................................................................................................................................................................................................................................................................................................................................................................................................................................................................................................................................................................................................................................................................................................................................................................................................................................................................................................................................................................................................................................................................................................................................................................................................................................................................................................................................................................................................................................................................................................................................................................................................................................................................................................................................................................................&#10;Unzipping /Users/santhoshadigau/.gradle/wrapper/dists/gradle-2.14.1-all/8bnwg5hd3w55iofp58khbp6yv/gradle-2.14.1-all.zip to /Users/santhoshadigau/.gradle/wrapper/dists/gradle-2.14.1-all/8bnwg5hd3w55iofp58khbp6yv&#10;Set executable permissions for: /Users/santhoshadigau/.gradle/wrapper/dists/gradle-2.14.1-all/8bnwg5hd3w55iofp58khbp6yv/gradle-2.14.1/bin/gradle&#10;Download https://jcenter.bintray.com/com/android/tools/build/gradle/2.2.3/gradle-2.2.3.pom&#10;Download https://jcenter.bintray.com/com/android/tools/build/gradle-core/2.2.3/gradle-core-2.2.3.pom&#10;Download https://jcenter.bintray.com/com/android/tools/build/builder/2.2.3/builder-2.2.3.pom&#10;Download https://jcenter.bintray.com/com/android/tools/lint/lint/25.2.3/lint-25.2.3.pom&#10;Download https://jcenter.bintray.com/com/android/tools/build/transform-api/2.0.0-deprecated-use-gradle-api/transform-api-2.0.0-deprecated-use-gradle-api.pom&#10;Download https://jcenter.bintray.com/com/android/tools/build/gradle-api/2.2.3/gradle-api-2.2.3.pom&#10;Download https://jcenter.bintray.com/com/android/databinding/compilerCommon/2.2.3/compilerCommon-2.2.3.pom&#10;Download https://jcenter.bintray.com/org/ow2/asm/asm/5.0.4/asm-5.0.4.pom&#10;Download https://jcenter.bintray.com/org/ow2/asm/asm-parent/5.0.4/asm-parent-5.0.4.pom&#10;Download https://jcenter.bintray.com/org/ow2/asm/asm-commons/5.0.4/asm-commons-5.0.4.pom&#10;Download https://jcenter.bintray.com/net/sf/proguard/proguard-gradle/5.2.1/proguard-gradle-5.2.1.pom&#10;Download https://jcenter.bintray.com/net/sf/proguard/proguard-parent/5.2.1/proguard-parent-5.2.1.pom&#10;Download https://jcenter.bintray.com/org/jacoco/org.jacoco.core/0.7.5.201505241946/org.jacoco.core-0.7.5.201505241946.pom&#10;Download https://jcenter.bintray.com/org/jacoco/org.jacoco.build/0.7.5.201505241946/org.jacoco.build-0.7.5.201505241946.pom&#10;Download https://jcenter.bintray.com/org/jacoco/org.jacoco.report/0.7.5.201505241946/org.jacoco.report-0.7.5.201505241946.pom&#10;Download https://jcenter.bintray.com/net/sf/jopt-simple/jopt-simple/4.9/jopt-simple-4.9.pom&#10;Download https://jcenter.bintray.com/com/google/protobuf/protobuf-java/2.5.0/protobuf-java-2.5.0.pom&#10;Download https://jcenter.bintray.com/com/google/google/1/google-1.pom&#10;Download https://jcenter.bintray.com/org/antlr/antlr/3.5.2/antlr-3.5.2.pom&#10;Download https://jcenter.bintray.com/org/antlr/antlr-master/3.5.2/antlr-master-3.5.2.pom&#10;Download https://jcenter.bintray.com/org/sonatype/oss/oss-parent/9/oss-parent-9.pom&#10;Download https://jcenter.bintray.com/com/android/tools/build/builder-model/2.2.3/builder-model-2.2.3.pom&#10;Download https://jcenter.bintray.com/com/android/tools/build/builder-test-api/2.2.3/builder-test-api-2.2.3.pom&#10;Download https://jcenter.bintray.com/com/android/tools/sdklib/25.2.3/sdklib-25.2.3.pom&#10;Download https://jcenter.bintray.com/com/android/tools/sdk-common/25.2.3/sdk-common-25.2.3.pom&#10;Download https://jcenter.bintray.com/com/android/tools/common/25.2.3/common-25.2.3.pom&#10;Download https://jcenter.bintray.com/com/android/tools/build/manifest-merger/25.2.3/manifest-merger-25.2.3.pom&#10;Download https://jcenter.bintray.com/com/android/tools/ddms/ddmlib/25.2.3/ddmlib-25.2.3.pom&#10;Download https://jcenter.bintray.com/com/android/tools/jack/jack-api/0.11.0/jack-api-0.11.0.pom&#10;Download https://jcenter.bintray.com/com/android/tools/jill/jill-api/0.10.0/jill-api-0.10.0.pom&#10;Download https://jcenter.bintray.com/com/android/tools/analytics-library/protos/25.2.3/protos-25.2.3.pom&#10;Download https://jcenter.bintray.com/com/android/tools/analytics-library/shared/25.2.3/shared-25.2.3.pom&#10;Download https://jcenter.bintray.com/com/android/tools/analytics-library/tracker/25.2.3/tracker-25.2.3.pom&#10;Download https://jcenter.bintray.com/org/ow2/asm/asm-tree/5.0.4/asm-tree-5.0.4.pom&#10;Download https://jcenter.bintray.com/com/android/tools/lint/lint-checks/25.2.3/lint-checks-25.2.3.pom&#10;Download https://jcenter.bintray.com/org/eclipse/jdt/core/compiler/ecj/4.5.1/ecj-4.5.1.pom&#10;Download https://jcenter.bintray.com/com/android/databinding/baseLibrary/2.2.3/baseLibrary-2.2.3.pom&#10;Download https://jcenter.bintray.com/org/antlr/antlr4/4.5.3/antlr4-4.5.3.pom&#10;Download https://jcenter.bintray.com/org/antlr/antlr4-master/4.5.3/antlr4-master-4.5.3.pom&#10;Download https://jcenter.bintray.com/commons-io/commons-io/2.4/commons-io-2.4.pom&#10;Download https://jcenter.bintray.com/org/apache/commons/commons-parent/25/commons-parent-25.pom&#10;Download https://jcenter.bintray.com/org/apache/apache/9/apache-9.pom&#10;Download https://jcenter.bintray.com/com/googlecode/juniversalchardet/juniversalchardet/1.0.3/juniversalchardet-1.0.3.pom&#10;Download https://jcenter.bintray.com/com/android/tools/annotations/24.5.0/annotations-24.5.0.pom&#10;Download https://jcenter.bintray.com/net/sf/proguard/proguard-base/5.2.1/proguard-base-5.2.1.pom&#10;Download https://jcenter.bintray.com/org/ow2/asm/asm-debug-all/5.0.1/asm-debug-all-5.0.1.pom&#10;Download https://jcenter.bintray.com/org/ow2/asm/asm-parent/5.0.1/asm-parent-5.0.1.pom&#10;Download https://jcenter.bintray.com/org/antlr/antlr-runtime/3.5.2/antlr-runtime-3.5.2.pom&#10;Download https://jcenter.bintray.com/org/antlr/ST4/4.0.8/ST4-4.0.8.pom&#10;Download https://jcenter.bintray.com/com/android/tools/layoutlib/layoutlib-api/25.2.3/layoutlib-api-25.2.3.pom&#10;Download https://jcenter.bintray.com/com/android/tools/dvlib/25.2.3/dvlib-25.2.3.pom&#10;Download https://jcenter.bintray.com/com/android/tools/repository/25.2.3/repository-25.2.3.pom&#10;Download https://jcenter.bintray.com/com/android/tools/lint/lint-api/25.2.3/lint-api-25.2.3.pom&#10;Download https://jcenter.bintray.com/org/ow2/asm/asm-analysis/5.0.4/asm-analysis-5.0.4.pom&#10;Download https://jcenter.bintray.com/com/intellij/annotations/12.0/annotations-12.0.pom&#10;Download https://jcenter.bintray.com/com/google/jimfs/jimfs/1.1/jimfs-1.1.pom&#10;Download https://jcenter.bintray.com/com/google/jimfs/jimfs-parent/1.1/jimfs-parent-1.1.pom&#10;Download https://jcenter.bintray.com/com/android/tools/external/com-intellij/uast/145.597.4/uast-145.597.4.pom&#10;Download https://jcenter.bintray.com/com/android/tools/annotations/25.2.3/annotations-25.2.3.pom&#10;Download https://jcenter.bintray.com/com/google/guava/guava/18.0/guava-18.0.pom&#10;Download https://jcenter.bintray.com/com/google/guava/guava-parent/18.0/guava-parent-18.0.pom&#10;Download https://jcenter.bintray.com/com/android/tools/build/gradle/2.2.3/gradle-2.2.3.jar&#10;Download https://jcenter.bintray.com/com/android/tools/build/gradle-core/2.2.3/gradle-core-2.2.3.jar&#10;Download https://jcenter.bintray.com/com/android/tools/build/builder/2.2.3/builder-2.2.3.jar&#10;Download https://jcenter.bintray.com/com/android/tools/lint/lint/25.2.3/lint-25.2.3.jar&#10;Download https://jcenter.bintray.com/com/android/tools/build/transform-api/2.0.0-deprecated-use-gradle-api/transform-api-2.0.0-deprecated-use-gradle-api.jar&#10;Download https://jcenter.bintray.com/com/android/tools/build/gradle-api/2.2.3/gradle-api-2.2.3.jar&#10;Download https://jcenter.bintray.com/com/android/databinding/compilerCommon/2.2.3/compilerCommon-2.2.3.jar&#10;Download https://jcenter.bintray.com/org/ow2/asm/asm/5.0.4/asm-5.0.4.jar&#10;Download https://jcenter.bintray.com/org/ow2/asm/asm-commons/5.0.4/asm-commons-5.0.4.jar&#10;Download https://jcenter.bintray.com/net/sf/proguard/proguard-gradle/5.2.1/proguard-gradle-5.2.1.jar&#10;Download https://jcenter.bintray.com/org/jacoco/org.jacoco.core/0.7.5.201505241946/org.jacoco.core-0.7.5.201505241946.jar&#10;Download https://jcenter.bintray.com/org/jacoco/org.jacoco.report/0.7.5.201505241946/org.jacoco.report-0.7.5.201505241946.jar&#10;Download https://jcenter.bintray.com/net/sf/jopt-simple/jopt-simple/4.9/jopt-simple-4.9.jar&#10;Download https://jcenter.bintray.com/com/google/protobuf/protobuf-java/2.5.0/protobuf-java-2.5.0.jar&#10;&#10;FAILURE: Build failed with an exception.&#10;&#10;* What went wrong:&#10;A problem occurred configuring root project 'VodafoneApp'.&#10;&gt; Could not resolve all dependencies for configuration ':classpath'.&#10;   &gt; Could not download antlr.jar (org.antlr:antlr:3.5.2)&#10;      &gt; Could not get resource 'https://jcenter.bintray.com/org/antlr/antlr/3.5.2/antlr-3.5.2.jar'.&#10;         &gt; Could not GET 'https://jcenter.bintray.com/org/antlr/antlr/3.5.2/antlr-3.5.2.jar'.&#10;            &gt; Remote host closed connection during handshake&#10;&#10;* Try:&#10;Run with --stacktrace option to get the stack trace. Run with --info or --debug option to get more log output.&#10;&#10;BUILD FAILED&#10;&#10;Total time: 1 mins 42.133 secs&#10;" />
        
      </testcase>
    
  </testsuite>
</testsuites>
